MAX val: 0.957153417
MIN val: -2.984131642
MAD: 0.6775286021963371
Baseline MAE: 0.8277853187777778
data range 0.957153417 -2.984131642
df                                                  atoms  ...    target
0    {'lattice_mat': [[2.9567354202838123, -0.0, 0....  ... -0.855879
1    {'lattice_mat': [[3.3007548391535684, -0.0, 0....  ... -0.530325
2    {'lattice_mat': [[2.9306195828256025, 0.0, 0.0...  ... -0.755420
3    {'lattice_mat': [[3.2453355598012856, 0.0, 0.0...  ... -1.778598
4    {'lattice_mat': [[2.994128251710296, -0.0, 0.0...  ... -1.493826
..                                                 ...  ...       ...
215  {'lattice_mat': [[3.1098811717889254, 0.0, 0.0...  ... -0.935930
216  {'lattice_mat': [[3.1479034123907197, 0.0, 0.0...  ...  0.007367
217  {'lattice_mat': [[3.2105320027618696, 0.0, 0.0...  ... -1.485609
218  {'lattice_mat': [[3.047491518301279, 0.0, 0.0]...  ... -2.561658
219  {'lattice_mat': [[3.147889313043361, 0.0, 0.0]...  ... -1.249088

[220 rows x 3 columns]
warning: could not load CGCNN features for 103
Setting it to max atomic number available here, 103
warning: could not load CGCNN features for 101
Setting it to max atomic number available here, 103
warning: could not load CGCNN features for 102
Setting it to max atomic number available here, 103
building line graphs
data range 0.537150899 -2.919192408
df                                                 atoms  ...    target
0   {'lattice_mat': [[2.964350276175365, -0.0, 0.0...  ... -0.438862
1   {'lattice_mat': [[3.4827997558887573, -0.0, 0....  ... -1.648476
2   {'lattice_mat': [[2.846200529642601, 0.0, 0.0]...  ... -0.794891
3   {'lattice_mat': [[3.206703029320717, -0.0, 0.0...  ... -1.947394
4   {'lattice_mat': [[3.189940747072463, 0.0, 0.0]...  ... -0.697208
5   {'lattice_mat': [[2.8404505061675325, 0.0, 0.0...  ...  0.318244
6   {'lattice_mat': [[2.924107792018426, -0.0, 0.0...  ... -0.131808
7   {'lattice_mat': [[2.700658225523702, 0.0, 0.0]...  ...  0.213849
8   {'lattice_mat': [[2.9060125822525658, 0.0, 0.0...  ... -0.317344
9   {'lattice_mat': [[3.3715311426072807, 0.0, 0.0...  ... -0.284050
10  {'lattice_mat': [[3.09254711360314, 0.0, 0.0],...  ... -0.958055
11  {'lattice_mat': [[3.3500865097899823, -0.0, 0....  ... -1.199954
12  {'lattice_mat': [[3.1313782891278046, 0.0, 0.0...  ... -0.873985
13  {'lattice_mat': [[3.148817948633453, 0.0, 0.0]...  ... -0.569596
14  {'lattice_mat': [[3.484290186986323, -0.0, 0.0...  ... -1.838113
15  {'lattice_mat': [[2.924357801485515, 0.0, 0.0]...  ... -0.442869
16  {'lattice_mat': [[2.9282318571104984, 0.0, 0.0...  ...  0.537151
17  {'lattice_mat': [[3.4457890297590916, 0.0, 0.0...  ... -2.919192
18  {'lattice_mat': [[2.9333342373052136, 0.0, 0.0...  ... -0.593356
19  {'lattice_mat': [[3.1777085227997457, -0.0, 0....  ... -1.551611
20  {'lattice_mat': [[3.3066688036013163, 0.0, 0.0...  ... -1.683931
21  {'lattice_mat': [[3.32078381584101, -0.0, 0.0]...  ... -1.964053
22  {'lattice_mat': [[3.2082319249760243, -0.0, 0....  ... -2.381737
23  {'lattice_mat': [[2.9444757900923966, 0.0, 0.0...  ...  0.373497
24  {'lattice_mat': [[3.5642186776124016, 0.0, 0.0...  ... -1.792301
25  {'lattice_mat': [[3.203655572120377, -0.0, 0.0...  ... -1.645322
26  {'lattice_mat': [[3.3000633005736195, 0.0, 0.0...  ... -1.557128

[27 rows x 3 columns]
building line graphs
data range 0.789143783 -2.583980945
df                                                 atoms  ...    target
0   {'lattice_mat': [[2.903564411197102, 0.0, 0.0]...  ... -0.062224
1   {'lattice_mat': [[3.0774376589312724, 0.0, 0.0...  ...  0.354086
2   {'lattice_mat': [[2.907555450889736, 0.0, 0.0]...  ... -0.881747
3   {'lattice_mat': [[3.032594015777702, 0.0, 0.0]...  ... -0.121959
4   {'lattice_mat': [[3.1761591223278804, 0.0, 0.0...  ... -0.032715
5   {'lattice_mat': [[3.1180819533499986, 0.0, 0.0...  ... -0.263962
6   {'lattice_mat': [[3.266257831627691, 0.0, 0.0]...  ... -0.481656
7   {'lattice_mat': [[3.2518190874130126, -0.0, 0....  ... -1.706493
8   {'lattice_mat': [[3.124673684825947, -0.0, 0.0...  ... -0.383284
9   {'lattice_mat': [[2.8339622740702017, 0.0, 0.0...  ...  0.789144
10  {'lattice_mat': [[3.0518851108953293, -0.0, 0....  ... -0.448212
11  {'lattice_mat': [[3.2017998009575668, -0.0, 0....  ... -1.903654
12  {'lattice_mat': [[3.237688968317948, 0.0, 0.0]...  ... -2.426938
13  {'lattice_mat': [[3.0137889135592384, 0.0, 0.0...  ... -0.985172
14  {'lattice_mat': [[2.8267939419720705, -0.0, 0....  ... -0.696275
15  {'lattice_mat': [[3.1425840847340774, 0.0, 0.0...  ... -0.613551
16  {'lattice_mat': [[3.2480871548340184, 0.0, 0.0...  ... -2.267204
17  {'lattice_mat': [[3.0974525643183557, -0.0, 0....  ... -0.517776
18  {'lattice_mat': [[2.9828259303836915, 0.0, 0.0...  ... -2.228438
19  {'lattice_mat': [[2.7846933282085224, 0.0, 0.0...  ... -0.367901
20  {'lattice_mat': [[3.219931958522903, -0.0, 0.0...  ...  0.012179
21  {'lattice_mat': [[2.9718597879107627, 0.0, 0.0...  ... -0.559976
22  {'lattice_mat': [[3.0858592790967045, 0.0, 0.0...  ...  0.315528
23  {'lattice_mat': [[2.770285735660128, -0.0, 0.0...  ... -0.927263
24  {'lattice_mat': [[2.964121758576718, 0.0, 0.0]...  ... -1.211707
25  {'lattice_mat': [[3.1996004985240574, 0.0, 0.0...  ... -1.669998
26  {'lattice_mat': [[3.2297665374602644, 0.0, 0.0...  ... -2.583981

[27 rows x 3 columns]
building line graphs
n_train: 220
n_val: 27
n_test: 27
version='112bbedebdaecf59fb18e11c929080fb2f358246' dataset='user_data' target='target' atom_features='cgcnn' neighbor_strategy='k-nearest' id_tag='jid' random_seed=123 classification_threshold=None n_val=None n_test=None n_train=None train_ratio=0.8 val_ratio=0.1 test_ratio=0.1 target_multiplication_factor=None epochs=50 batch_size=16 weight_decay=1e-06 learning_rate=0.01 filename='sample' warmup_steps=2000 criterion='mse' optimizer='adamw' scheduler='onecycle' pin_memory=False save_dataloader=False write_checkpoint=True write_predictions=True store_outputs=True progress=True log_tensorboard=False standard_scalar_and_pca=False use_canonize=True num_workers=0 cutoff=8.0 max_neighbors=12 keep_data_order=False normalize_graph_level_loss=False distributed=False n_early_stopping=None output_dir='temp' model=ALIGNNConfig(name='alignn', alignn_layers=4, gcn_layers=4, atom_input_features=92, edge_input_features=80, triplet_input_features=40, embedding_features=64, hidden_features=256, output_features=1, link='identity', zero_inflated=False, classification=False, num_classes=2)
config:
{'atom_features': 'cgcnn',
 'batch_size': 16,
 'classification_threshold': None,
 'criterion': 'mse',
 'cutoff': 8.0,
 'dataset': 'user_data',
 'distributed': False,
 'epochs': 50,
 'filename': 'sample',
 'id_tag': 'jid',
 'keep_data_order': False,
 'learning_rate': 0.01,
 'log_tensorboard': False,
 'max_neighbors': 12,
 'model': {'alignn_layers': 4,
           'atom_input_features': 92,
           'classification': False,
           'edge_input_features': 80,
           'embedding_features': 64,
           'gcn_layers': 4,
           'hidden_features': 256,
           'link': 'identity',
           'name': 'alignn',
           'num_classes': 2,
           'output_features': 1,
           'triplet_input_features': 40,
           'zero_inflated': False},
 'n_early_stopping': None,
 'n_test': None,
 'n_train': None,
 'n_val': None,
 'neighbor_strategy': 'k-nearest',
 'normalize_graph_level_loss': False,
 'num_workers': 0,
 'optimizer': 'adamw',
 'output_dir': 'temp',
 'pin_memory': False,
 'progress': True,
 'random_seed': 123,
 'save_dataloader': False,
 'scheduler': 'onecycle',
 'standard_scalar_and_pca': False,
 'store_outputs': True,
 'target': 'target',
 'target_multiplication_factor': None,
 'test_ratio': 0.1,
 'train_ratio': 0.8,
 'use_canonize': True,
 'val_ratio': 0.1,
 'version': '112bbedebdaecf59fb18e11c929080fb2f358246',
 'warmup_steps': 2000,
 'weight_decay': 1e-06,
 'write_checkpoint': True,
 'write_predictions': True}
Val_MAE: 0.6953
Train_MAE: 0.6102
Val_MAE: 0.7550
Train_MAE: 0.6289
Val_MAE: 0.6776
Train_MAE: 0.5743
Val_MAE: 0.2632
Train_MAE: 0.2886
Val_MAE: 0.2918
Train_MAE: 0.3107
Val_MAE: 0.1678
Train_MAE: 0.2053
Val_MAE: 0.4310
Train_MAE: 0.4864
Val_MAE: 0.5003
Train_MAE: 0.4398
Val_MAE: 0.5230
Train_MAE: 0.5621
Val_MAE: 0.5110
Train_MAE: 0.3822
Val_MAE: 0.2374
Train_MAE: 0.2246
Val_MAE: 1.5928
Train_MAE: 1.2205
Val_MAE: 0.2429
Train_MAE: 0.2737
Val_MAE: 0.2021
Train_MAE: 0.1843
Val_MAE: 0.4478
Train_MAE: 0.4128
Val_MAE: 0.1400
Train_MAE: 0.1352
Val_MAE: 0.2753
Train_MAE: 0.2106
Val_MAE: 0.1800
Train_MAE: 0.1820
Val_MAE: 0.3779
Train_MAE: 0.3415
Val_MAE: 0.1035
Train_MAE: 0.1122
Val_MAE: 0.8125
Train_MAE: 0.6856
Val_MAE: 0.2644
Train_MAE: 0.2382
Val_MAE: 0.1724
Train_MAE: 0.1420
Val_MAE: 0.1532
Train_MAE: 0.1520
Val_MAE: 0.1175
Train_MAE: 0.1311
Val_MAE: 0.1015
Train_MAE: 0.0873
Val_MAE: 0.1401
Train_MAE: 0.1172
Val_MAE: 0.1873
Train_MAE: 0.1803
Val_MAE: 0.0890
Train_MAE: 0.0636
Val_MAE: 0.0835
Train_MAE: 0.0580
Val_MAE: 0.1060
Train_MAE: 0.1068
Val_MAE: 0.1064
Train_MAE: 0.0756
Val_MAE: 0.1128
Train_MAE: 0.0793
Val_MAE: 0.1906
Train_MAE: 0.1745
Val_MAE: 0.1247
Train_MAE: 0.0893
Val_MAE: 0.1049
Train_MAE: 0.0845
Val_MAE: 0.0929
Train_MAE: 0.0799
Val_MAE: 0.0939
Train_MAE: 0.0778
Val_MAE: 0.1263
Train_MAE: 0.1079
Val_MAE: 0.1028
Train_MAE: 0.0946
Val_MAE: 0.0757
Train_MAE: 0.0481
Val_MAE: 0.0890
Train_MAE: 0.0766
Val_MAE: 0.0766
Train_MAE: 0.0493
Val_MAE: 0.0728
Train_MAE: 0.0367
Val_MAE: 0.0709
Train_MAE: 0.0465
Val_MAE: 0.0637
Train_MAE: 0.0378
Val_MAE: 0.0584
Train_MAE: 0.0308
Val_MAE: 0.0587
Train_MAE: 0.0310
Val_MAE: 0.0602
Train_MAE: 0.0313
Val_MAE: 0.0603
Train_MAE: 0.0321
Test MAE: 0.05607551408724652
Time taken (s): 1350.024849653244
